This is pdfTeX, Version 3.1415926-2.5-1.40.14 (TeX Live 2013) (format=pdflatex 2013.11.7)  3 MAR 2014 14:21
entering extended mode
 restricted \write18 enabled.
 file:line:error style messages enabled.
 %&-line parsing enabled.
**documentation.tex
(./documentation.tex
LaTeX2e <2011/06/27>
Babel <3.9f> and hyphenation patterns for 78 languages loaded.
(/usr/local/texlive/2013/texmf-dist/tex/latex/base/latex209.def
File: latex209.def 1998/05/13 v0.52 Standard LaTeX file


          Entering LaTeX 2.09 COMPATIBILITY MODE
 *************************************************************
    !!WARNING!!    !!WARNING!!    !!WARNING!!    !!WARNING!!   
 
 This mode attempts to provide an emulation of the LaTeX 2.09
 author environment so that OLD documents can be successfully
 processed. It should NOT be used for NEW documents!
 
 New documents should use Standard LaTeX conventions and start
 with the \documentclass command.
 
 Compatibility mode is UNLIKELY TO WORK with LaTeX 2.09 style
 files that change any internal macros, especially not with
 those that change the FONT SELECTION or OUTPUT ROUTINES.
 
 Therefore such style files MUST BE UPDATED to use
          Current Standard LaTeX: LaTeX2e.
 If you suspect that you may be using such a style file, which
 is probably very, very old by now, then you should attempt to
 get it updated by sending a copy of this error message to the
 author of that file.
 *************************************************************

\footheight=\dimen102
\@maxsep=\dimen103
\@dblmaxsep=\dimen104
\@cla=\count79
\@clb=\count80
\mscount=\count81
(/usr/local/texlive/2013/texmf-dist/tex/latex/base/tracefnt.sty
Package: tracefnt 1997/05/29 v3.0j Standard LaTeX package (font tracing)
\tracingfonts=\count82
LaTeX Info: Redefining \selectfont on input line 101.
)
\symbold=\mathgroup4
\symsans=\mathgroup5
\symtypewriter=\mathgroup6
\symitalic=\mathgroup7
\symsmallcaps=\mathgroup8
\symslanted=\mathgroup9
LaTeX Font Info:    Redeclaring math alphabet \mathbf on input line 293.
LaTeX Font Info:    Redeclaring math alphabet \mathsf on input line 294.
LaTeX Font Info:    Redeclaring math alphabet \mathtt on input line 295.
LaTeX Font Info:    Redeclaring math alphabet \mathit on input line 301.
LaTeX Info: Redefining \em on input line 311.

(/usr/local/texlive/2013/texmf-dist/tex/latex/base/latexsym.sty
Package: latexsym 1998/08/17 v2.2e Standard LaTeX package (lasy symbols)
\symlasy=\mathgroup10
LaTeX Font Info:    Overwriting symbol font `lasy' in version `bold'
(Font)                  U/lasy/m/n --> U/lasy/b/n on input line 47.
)
LaTeX Font Info:    Redeclaring math delimiter \lgroup on input line 375.
LaTeX Font Info:    Redeclaring math delimiter \rgroup on input line 377.
LaTeX Font Info:    Redeclaring math delimiter \bracevert on input line 379.
)
(/usr/local/texlive/2013/texmf-dist/tex/latex/base/article.cls
Document Class: article 2007/10/19 v1.4h Standard LaTeX document class
(/usr/local/texlive/2013/texmf-dist/tex/latex/base/size12.clo
File: size12.clo 2007/10/19 v1.4h Standard LaTeX file (size option)
)
\c@part=\count83
\c@section=\count84
\c@subsection=\count85
\c@subsubsection=\count86
\c@paragraph=\count87
\c@subparagraph=\count88
\c@figure=\count89
\c@table=\count90
\abovecaptionskip=\skip41
\belowcaptionskip=\skip42
Compatibility mode: definition of \rm ignored.
Compatibility mode: definition of \sf ignored.
Compatibility mode: definition of \tt ignored.
Compatibility mode: definition of \bf ignored.
Compatibility mode: definition of \it ignored.
Compatibility mode: definition of \sl ignored.
Compatibility mode: definition of \sc ignored.
LaTeX Info: Redefining \cal on input line 506.
LaTeX Info: Redefining \mit on input line 507.
\bibindent=\dimen105
)
No file documentation.aux.
\openout1 = `documentation.aux'.

LaTeX Font Info:    Checking defaults for OML/cmm/m/it on input line 11.
LaTeX Font Info:    ... okay on input line 11.
LaTeX Font Info:    Checking defaults for T1/cmr/m/n on input line 11.
LaTeX Font Info:    ... okay on input line 11.
LaTeX Font Info:    Checking defaults for OT1/cmr/m/n on input line 11.
LaTeX Font Info:    ... okay on input line 11.
LaTeX Font Info:    Checking defaults for OMS/cmsy/m/n on input line 11.
LaTeX Font Info:    ... okay on input line 11.
LaTeX Font Info:    Checking defaults for OMX/cmex/m/n on input line 11.
LaTeX Font Info:    ... okay on input line 11.
LaTeX Font Info:    Checking defaults for U/cmr/m/n on input line 11.
LaTeX Font Info:    ... okay on input line 11.
LaTeX Font Info:    External font `cmex10' loaded for size
(Font)              <17.28> on input line 25.
LaTeX Font Info:    External font `cmex10' loaded for size
(Font)              <12> on input line 25.
LaTeX Font Info:    Try loading font information for U+lasy on input line 25.
(/usr/local/texlive/2013/texmf-dist/tex/latex/base/ulasy.fd
File: ulasy.fd 1998/08/17 v2.2e LaTeX symbol font definitions
)
LaTeX Font Info:    External font `cmex10' loaded for size
(Font)              <7> on input line 25.
LaTeX Font Info:    External font `cmex10' loaded for size
(Font)              <5> on input line 25.
LaTeX Font Info:    External font `cmex10' loaded for size
(Font)              <8> on input line 42.
LaTeX Font Info:    External font `cmex10' loaded for size
(Font)              <6> on input line 42.
 [0

{/usr/local/texlive/2013/texmf-var/fonts/map/pdftex/updmap/pdftex.map}]
Underfull \hbox (badness 10000) in paragraph at lines 66--130

 []

[1] [2]

LaTeX Warning: Citation `review' on page 3 undefined on input line 157.


LaTeX Warning: Citation `kaja' on page 3 undefined on input line 162.


LaTeX Warning: Citation `geist' on page 3 undefined on input line 171.


LaTeX Warning: Citation `ua2jet' on page 3 undefined on input line 173.


LaTeX Warning: Citation `alba88' on page 3 undefined on input line 173.


LaTeX Warning: Citation `ua1minijet' on page 3 undefined on input line 176.


LaTeX Warning: Citation `gaisser' on page 3 undefined on input line 186.


LaTeX Warning: Citation `sjostrand' on page 3 undefined on input line 188.


LaTeX Warning: Citation `wang91a' on page 3 undefined on input line 188.


LaTeX Warning: Citation `kaja' on page 3 undefined on input line 191.


LaTeX Warning: Citation `gyu89' on page 3 undefined on input line 206.


LaTeX Warning: Citation `gyu89' on page 3 undefined on input line 211.


LaTeX Warning: Citation `hijing' on page 3 undefined on input line 213.


LaTeX Warning: Citation `lund' on page 3 undefined on input line 215.


LaTeX Warning: Citation `fritiof' on page 3 undefined on input line 216.


LaTeX Warning: Citation `dpm' on page 3 undefined on input line 217.


LaTeX Warning: Citation `sjostrand' on page 3 undefined on input line 220.


LaTeX Warning: Citation `pythia' on page 3 undefined on input line 220.


LaTeX Warning: Citation `shadow1' on page 3 undefined on input line 224.


LaTeX Warning: Citation `wang92a' on page 3 undefined on input line 227.


LaTeX Warning: Citation `gyu92' on page 3 undefined on input line 227.


LaTeX Warning: Citation `hijing' on page 3 undefined on input line 234.


LaTeX Warning: Citation `hijingpp' on page 3 undefined on input line 234.


LaTeX Warning: Citation `geiger' on page 3 undefined on input line 237.

[3]

LaTeX Warning: Citation `pythia' on page 4 undefined on input line 245.


LaTeX Warning: Citation `jetset' on page 4 undefined on input line 245.


LaTeX Warning: Citation `hijing' on page 4 undefined on input line 247.


LaTeX Warning: Citation `hijingpp' on page 4 undefined on input line 247.


LaTeX Warning: Citation `wang92a' on page 4 undefined on input line 247.


LaTeX Warning: Citation `pythia' on page 4 undefined on input line 267.


LaTeX Warning: Citation `fritiof' on page 4 undefined on input line 269.

[4]

LaTeX Warning: Citation `eichten' on page 5 undefined on input line 286.


LaTeX Warning: Citation `duke' on page 5 undefined on input line 299.


LaTeX Warning: Reference `eq:sjet1' on page 5 undefined on input line 302.


LaTeX Warning: Citation `gaisser' on page 5 undefined on input line 308.


LaTeX Warning: Citation `wang91a' on page 5 undefined on input line 308.


LaTeX Warning: Citation `heureux' on page 5 undefined on input line 308.

[5]

LaTeX Warning: Citation `wang91a' on page 6 undefined on input line 370.

[6]

LaTeX Warning: Citation `hijing' on page 7 undefined on input line 397.


LaTeX Warning: Reference `eq:sjet3' on page 7 undefined on input line 405.


LaTeX Warning: Reference `eq:trigjet4' on page 7 undefined on input line 419.

[7]

LaTeX Warning: Citation `fritiof' on page 8 undefined on input line 455.


LaTeX Warning: Reference `eq:smin' on page 8 undefined on input line 482.


LaTeX Warning: Reference `eq:smin' on page 8 undefined on input line 487.

[8]

LaTeX Warning: Citation `goulianos' on page 9 undefined on input line 510.


LaTeX Warning: Citation `goulianos' on page 9 undefined on input line 517.


LaTeX Warning: Citation `dipole' on page 9 undefined on input line 524.


LaTeX Warning: Citation `fritiof' on page 9 undefined on input line 525.


LaTeX Warning: Citation `gunion' on page 9 undefined on input line 530.

LaTeX Font Info:    External font `cmex10' loaded for size
(Font)              <14.4> on input line 535.
[9]

LaTeX Warning: Citation `hijing' on page 10 undefined on input line 561.


LaTeX Warning: Citation `shadow1' on page 10 undefined on input line 568.

[10]

LaTeX Warning: Reference `sec:jet1' on page 11 undefined on input line 595.


LaTeX Warning: Citation `shadow1' on page 11 undefined on input line 617.


LaTeX Warning: Citation `eskola93' on page 11 undefined on input line 625.


LaTeX Warning: Citation `shadow2' on page 11 undefined on input line 631.


LaTeX Warning: Reference `eq:shadow' on page 11 undefined on input line 640.


LaTeX Warning: Citation `hijing' on page 11 undefined on input line 645.

[11]

LaTeX Warning: Reference `eq:shadow' on page 12 undefined on input line 652.


LaTeX Warning: Reference `eq:shadow' on page 12 undefined on input line 662.


Overfull \hbox (1.21686pt too wide) in paragraph at lines 667--669
[]\OT1/cmr/m/n/12 To sim-plify the cal-cu-la-tion dur-ing the Monte Carlo sim-u
-la-tion, we can de-com-pose $\OML/cmm/m/it/12 R[]\OT1/cmr/m/n/12 (\OML/cmm/m/i
t/12 x; r\OT1/cmr/m/n/12 )$
 []


LaTeX Warning: Reference `eq:shadow' on page 12 undefined on input line 673.


LaTeX Warning: Reference `eq:rshadow' on page 12 undefined on input line 673.


LaTeX Warning: Reference `eq:sjet1' on page 12 undefined on input line 684.


LaTeX Warning: Citation `gyu92' on page 12 undefined on input line 710.


LaTeX Warning: Citation `dedx' on page 12 undefined on input line 710.

[12]

LaTeX Warning: Citation `dedx' on page 13 undefined on input line 716.


LaTeX Warning: Citation `pythia' on page 13 undefined on input line 757.


LaTeX Warning: Citation `jetset' on page 13 undefined on input line 757.

[13]
Overfull \hbox (23.68884pt too wide) in paragraph at lines 772--780
\OT1/cmr/m/n/12 Random num-bers in HI-JING is ob-tained by call-ing the VAX VMS
 sys-tem func-tion RAN(NSEED).
 []

[14] [15] [16] [17] [18]

LaTeX Warning: Reference `eq:shadow1' on page 19 undefined on input line 1080.


LaTeX Warning: Reference `sec:jet2' on page 19 undefined on input line 1090.


LaTeX Warning: Reference `eq:kick' on page 19 undefined on input line 1114.

[19]

LaTeX Warning: Reference `eq:over2' on page 20 undefined on input line 1132.


LaTeX Warning: Reference `eq:over2' on page 20 undefined on input line 1142.


LaTeX Warning: Citation `goulianos' on page 20 undefined on input line 1145.

[20] [21]

LaTeX Warning: Reference `eq:sjetab' on page 22 undefined on input line 1258.


LaTeX Warning: Reference `eq:sjetab' on page 22 undefined on input line 1261.


LaTeX Warning: Reference `eq:sjetab' on page 22 undefined on input line 1264.


LaTeX Warning: Reference `eq:sjetab' on page 22 undefined on input line 1267.


LaTeX Warning: Reference `eq:sjetab' on page 22 undefined on input line 1272.

[22] [23] [24] [25] [26] [27] [28] [29] [30] [31] [32] [33] [34] [35] [36]
[37] [38] (./documentation.aux)

LaTeX Warning: There were undefined references.


LaTeX Warning: Label(s) may have changed. Rerun to get cross-references right.

 ) 
Here is how much of TeX's memory you used:
 476 strings out of 493315
 5557 string characters out of 6137904
 59158 words of memory out of 5000000
 3968 multiletter control sequences out of 15000+600000
 23911 words of font info for 87 fonts, out of 8000000 for 9000
 957 hyphenation exceptions out of 8191
 24i,7n,21p,229b,283s stack positions out of 5000i,500n,10000p,200000b,80000s
</usr/local/texlive/2013/texmf-dist/fonts/type1/public/amsfonts/cm/cmbx10.pfb
></usr/local/texlive/2013/texmf-dist/fonts/type1/public/amsfonts/cm/cmbx12.pfb>
</usr/local/texlive/2013/texmf-dist/fonts/type1/public/amsfonts/cm/cmex10.pfb><
/usr/local/texlive/2013/texmf-dist/fonts/type1/public/amsfonts/cm/cmmi10.pfb></
usr/local/texlive/2013/texmf-dist/fonts/type1/public/amsfonts/cm/cmmi12.pfb></u
sr/local/texlive/2013/texmf-dist/fonts/type1/public/amsfonts/cm/cmmi6.pfb></usr
/local/texlive/2013/texmf-dist/fonts/type1/public/amsfonts/cm/cmmi8.pfb></usr/l
ocal/texlive/2013/texmf-dist/fonts/type1/public/amsfonts/cm/cmr10.pfb></usr/loc
al/texlive/2013/texmf-dist/fonts/type1/public/amsfonts/cm/cmr12.pfb></usr/local
/texlive/2013/texmf-dist/fonts/type1/public/amsfonts/cm/cmr17.pfb></usr/local/t
exlive/2013/texmf-dist/fonts/type1/public/amsfonts/cm/cmr6.pfb></usr/local/texl
ive/2013/texmf-dist/fonts/type1/public/amsfonts/cm/cmr8.pfb></usr/local/texlive
/2013/texmf-dist/fonts/type1/public/amsfonts/cm/cmsy10.pfb></usr/local/texlive/
2013/texmf-dist/fonts/type1/public/amsfonts/cm/cmsy7.pfb></usr/local/texlive/20
13/texmf-dist/fonts/type1/public/amsfonts/cm/cmsy8.pfb></usr/local/texlive/2013
/texmf-dist/fonts/type1/public/amsfonts/cm/cmti12.pfb></usr/local/texlive/2013/
texmf-dist/fonts/type1/public/amsfonts/cm/cmtt12.pfb>
Output written on documentation.pdf (39 pages, 300805 bytes).
PDF statistics:
 200 PDF objects out of 1000 (max. 8388607)
 140 compressed objects within 2 object streams
 0 named destinations out of 1000 (max. 500000)
 1 words of extra memory for PDF output out of 10000 (max. 10000000)

